Added Component: Designator=LED1(LED/SMD1608)
Added Component: Designator=LED2(LED/SMD1608)
Added Component: Designator=LED3(LED/SMD1608)
Added Component: Designator=LED4(LED/SMD1608)
Added Component: Designator=T1(TOUCHPAD)
Added Component: Designator=T2(TOUCHPAD)
Added Component: Designator=T3(TOUCHPAD)
Added Component: Designator=T4(TOUCHPAD)
Add Pin To Net: Unknown Pin: Pin LED1-1
Add Pin To Net: Unknown Pin: Pin LED1-2
Add Pin To Net: Unknown Pin: Pin LED2-1
Add Pin To Net: Unknown Pin: Pin LED2-2
Add Pin To Net: Unknown Pin: Pin LED3-1
Add Pin To Net: Unknown Pin: Pin LED3-2
Add Pin To Net: Unknown Pin: Pin LED4-1
Add Pin To Net: Unknown Pin: Pin LED4-2
Add Pin To Net: Unknown Pin: Pin T1-1
Add Pin To Net: Unknown Pin: Pin T2-1
Add Pin To Net: Unknown Pin: Pin T3-1
Add Pin To Net: Unknown Pin: Pin T4-1
Add Class Member: Failed to add class member : Component LED1 LED
Add Class Member: Failed to add class member : Component LED2 LED
Add Class Member: Failed to add class member : Component LED3 LED
Add Class Member: Failed to add class member : Component LED4 LED
Add Class Member: Failed to add class member : Component T1 TouchPad
Add Class Member: Failed to add class member : Component T2 TouchPad
Add Class Member: Failed to add class member : Component T3 TouchPad
Add Class Member: Failed to add class member : Component T4 TouchPad
