Removed Pin From Net: NetName=OUT1 Pin=J3-1
Removed Pin From Net: NetName=EXT1 Pin=J3-2
Removed Pin From Net: NetName=OUT2 Pin=J4-1
Removed Pin From Net: NetName=EXT2 Pin=J4-2
Removed Pin From Net: NetName=OUT3 Pin=J6-1
Removed Pin From Net: NetName=EXT3 Pin=J6-2
Removed Pin From Net: NetName=OUT4 Pin=J7-1
Removed Pin From Net: NetName=EXT4 Pin=J7-2
Removed Pin From Net: NetName=OUT1 Pin=LED1-1
Removed Pin From Net: NetName=OUT2 Pin=LED2-1
Removed Pin From Net: NetName=OUT3 Pin=LED3-1
Removed Pin From Net: NetName=OUT4 Pin=LED4-1
Change Component Footprint: Designator=J3 Old Footprint=HEADER_V254_1X2 New Footprint=HEADER_V254_1X3
Change Component Footprint: Designator=J4 Old Footprint=HEADER_V254_1X2 New Footprint=HEADER_V254_1X3
Change Component Footprint: Designator=J6 Old Footprint=HEADER_V254_1X2 New Footprint=HEADER_V254_1X3
Change Component Footprint: Designator=J7 Old Footprint=HEADER_V254_1X2 New Footprint=HEADER_V254_1X3
Change Component Comment : Designator=J3 Old Comment=CON2 New Comment=CON3
Change Component Comment : Designator=J4 Old Comment=CON2 New Comment=CON3
Change Component Comment : Designator=J6 Old Comment=CON2 New Comment=CON3
Change Component Comment : Designator=J7 Old Comment=CON2 New Comment=CON3
Added Pin To Net: NetName=EXT1 Pin=J3-1
Added Pin To Net: NetName=OUT1 Pin=J3-2
Added Pin To Net: NetName=EXT2 Pin=J4-1
Added Pin To Net: NetName=OUT2 Pin=J4-2
Added Pin To Net: NetName=EXT3 Pin=J6-1
Added Pin To Net: NetName=OUT3 Pin=J6-2
Added Pin To Net: NetName=EXT4 Pin=J7-1
Added Pin To Net: NetName=OUT4 Pin=J7-2
Added Pin To Net: NetName=LED1 Pin=J3-3
Added Pin To Net: NetName=LED1 Pin=LED1-1
Added Net: Name=LED1
Added Pin To Net: NetName=LED2 Pin=J4-3
Added Pin To Net: NetName=LED2 Pin=LED2-1
Added Net: Name=LED2
Added Pin To Net: NetName=LED3 Pin=J6-3
Added Pin To Net: NetName=LED3 Pin=LED3-1
Added Net: Name=LED3
Added Pin To Net: NetName=LED4 Pin=J7-3
Added Pin To Net: NetName=LED4 Pin=LED4-1
Added Net: Name=LED4
